<?xml version="1.0" encoding="UTF-8"?>
<testsuite tests=" 5" errors=" 3" timestamp="03/04/18" overall="FAIL" >
	<testcase name="Chrome/64 PageLoad time should not exceed 0.493 sec" classname="Performance" time="1.299" >
		<failure type="performance"> 
			PageGroup: Chrome/64 , Threshold: 0.493, Actual PageLoadTime: 1.299 
			BASELINE: PageLoadTime:  0.449 sec, Measurements: 11955193 Moe: 0.003 sec 
			TEST: PageLoadTime: 1.299 sec, Measurements: 3452 , Moe: 0.137 sec
		</failure>
	</testcase>
	<testcase name="Chrome/62 time should not exceed 0.543 sec" classname="Performance" time="0.239" />
	<testcase name="IE/11 PageLoad time should not exceed 0.607 sec" classname="Performance" time="1.125" >
		<failure type="performance"> 
			PageGroup: IE/11 , Threshold: 0.607, Actual PageLoadTime: 1.125 
			BASELINE: PageLoadTime:  0.552 sec, Measurements: 3940236 Moe: 0.005 sec 
			TEST: PageLoadTime: 1.125 sec, Measurements: 285 , Moe: 0.403 sec
		</failure>
	</testcase>
	<testcase name="Mobile Safari/11 PageLoad time should not exceed 0.581 sec" classname="Performance" time="4.199" >
		<failure type="performance"> 
			PageGroup: Mobile Safari/11 , Threshold: 0.581, Actual PageLoadTime: 4.199 
			BASELINE: PageLoadTime:  0.529 sec, Measurements: 11769563 Moe: 0.004 sec 
			TEST: PageLoadTime: 4.199 sec, Measurements:  51 , Moe: 4.387 sec
		</failure>
	</testcase>
	<testcase name="Chrome/60 time should not exceed 0.526 sec" classname="Performance" time="3.949" />
</testsuite>

